2023-08-06 03:43:27.842499 - Initialized conversion of CBT374
2023-08-06 03:43:28.535158 - Received CBT.V505.FILE374.PDS from FILE374.XMI 
2023-08-06 03:43:28.537320 - Found $$$#DATE.txt (text/plain) in CBT.V505.FILE374.PDS, moved to PDS/$$$#DATE
2023-08-06 03:43:28.538506 - Found $$AUTHOR.txt (text/plain) in CBT.V505.FILE374.PDS, moved to PDS/$$AUTHOR
2023-08-06 03:43:28.539525 - Found $$DOCM.txt (text/plain) in CBT.V505.FILE374.PDS, moved to PDS/$$DOCM
2023-08-06 03:43:28.540445 - Found $MARSDEN.txt (text/plain) in CBT.V505.FILE374.PDS, moved to PDS/$MARSDEN
2023-08-06 03:43:28.541328 - Found @FILE374.txt (text/plain) in CBT.V505.FILE374.PDS, moved to PDS/@FILE374
2023-08-06 03:43:28.542301 - Found DISKMAP.jcl (text/plain) in CBT.V505.FILE374.PDS, moved to PDS/DISKMAP
2023-08-06 03:43:28.543236 - Found DMAPQ.jcl (text/plain) in CBT.V505.FILE374.PDS, moved to PDS/DMAPQ
2023-08-06 03:43:28.544125 - Found LOADXREF.jcl (text/plain) in CBT.V505.FILE374.PDS, moved to PDS/LOADXREF
2023-08-06 03:43:28.545042 - Found PDSCOMP.jcl (text/plain) in CBT.V505.FILE374.PDS, moved to PDS/PDSCOMP
2023-08-06 03:43:28.545899 - Found PDS1.jcl (text/plain) in CBT.V505.FILE374.PDS, moved to PDS/PDS1
2023-08-06 03:43:28.546803 - Found SASMF4.jcl (text/plain) in CBT.V505.FILE374.PDS, moved to PDS/SASMF4
2023-08-06 03:43:28.547602 - Found SASMF4#2.jcl (text/plain) in CBT.V505.FILE374.PDS, moved to PDS/SASMF4#2
2023-08-06 03:43:28.548396 - Found SASMF45.jcl (text/plain) in CBT.V505.FILE374.PDS, moved to PDS/SASMF45
2023-08-06 03:43:28.549212 - Found SASVTOC.jcl (text/plain) in CBT.V505.FILE374.PDS, moved to PDS/SASVTOC
2023-08-06 03:43:28.550150 - Found SAS4PGM.jcl (text/plain) in CBT.V505.FILE374.PDS, moved to PDS/SAS4PGM
2023-08-06 03:43:28.550957 - Found SMF.jcl (text/plain) in CBT.V505.FILE374.PDS, moved to PDS/SMF
2023-08-06 03:43:28.551739 - Found SMFCNT.jcl (text/plain) in CBT.V505.FILE374.PDS, moved to PDS/SMFCNT
2023-08-06 03:43:28.552543 - Found SMFCPYD.jcl (text/plain) in CBT.V505.FILE374.PDS, moved to PDS/SMFCPYD
2023-08-06 03:43:28.553375 - Found SMFXTR.jcl (text/plain) in CBT.V505.FILE374.PDS, moved to PDS/SMFXTR
2023-08-06 03:43:28.554310 - Found SMF0.jcl (text/plain) in CBT.V505.FILE374.PDS, moved to PDS/SMF0
2023-08-06 03:43:28.555299 - Found SMF10.jcl (text/plain) in CBT.V505.FILE374.PDS, moved to PDS/SMF10
2023-08-06 03:43:28.556195 - Found SMF11.jcl (text/plain) in CBT.V505.FILE374.PDS, moved to PDS/SMF11
2023-08-06 03:43:28.557013 - Found SMF129.txt (text/plain) in CBT.V505.FILE374.PDS, moved to PDS/SMF129
2023-08-06 03:43:28.557997 - Found SMF1415.jcl (text/plain) in CBT.V505.FILE374.PDS, moved to PDS/SMF1415
2023-08-06 03:43:28.558852 - Found SMF1415A.jcl (text/plain) in CBT.V505.FILE374.PDS, moved to PDS/SMF1415A
2023-08-06 03:43:28.559650 - Found SMF1415B.jcl (text/plain) in CBT.V505.FILE374.PDS, moved to PDS/SMF1415B
2023-08-06 03:43:28.560475 - Found SMF1415X.jcl (text/plain) in CBT.V505.FILE374.PDS, moved to PDS/SMF1415X
2023-08-06 03:43:28.561302 - Found SMF1415Y.jcl (text/plain) in CBT.V505.FILE374.PDS, moved to PDS/SMF1415Y
2023-08-06 03:43:28.562297 - Found SMF1415Z.jcl (text/plain) in CBT.V505.FILE374.PDS, moved to PDS/SMF1415Z
2023-08-06 03:43:28.563148 - Found SMF15.jcl (text/plain) in CBT.V505.FILE374.PDS, moved to PDS/SMF15
2023-08-06 03:43:28.563937 - Found SMF15ALL.jcl (text/plain) in CBT.V505.FILE374.PDS, moved to PDS/SMF15ALL
2023-08-06 03:43:28.564744 - Found SMF15DS.jcl (text/plain) in CBT.V505.FILE374.PDS, moved to PDS/SMF15DS
2023-08-06 03:43:28.565687 - Found SMF15WHO.jcl (text/plain) in CBT.V505.FILE374.PDS, moved to PDS/SMF15WHO
2023-08-06 03:43:28.566655 - Found SMF17.jcl (text/plain) in CBT.V505.FILE374.PDS, moved to PDS/SMF17
2023-08-06 03:43:28.567495 - Found SMF17DS.jcl (text/plain) in CBT.V505.FILE374.PDS, moved to PDS/SMF17DS
2023-08-06 03:43:28.568291 - Found SMF18.jcl (text/plain) in CBT.V505.FILE374.PDS, moved to PDS/SMF18
2023-08-06 03:43:28.569098 - Found SMF20.jcl (text/plain) in CBT.V505.FILE374.PDS, moved to PDS/SMF20
2023-08-06 03:43:28.570010 - Found SMF21.jcl (text/plain) in CBT.V505.FILE374.PDS, moved to PDS/SMF21
2023-08-06 03:43:28.570935 - Found SMF22.jcl (text/plain) in CBT.V505.FILE374.PDS, moved to PDS/SMF22
2023-08-06 03:43:28.571797 - Found SMF220.jcl (text/plain) in CBT.V505.FILE374.PDS, moved to PDS/SMF220
2023-08-06 03:43:28.572576 - Found SMF221.jcl (text/plain) in CBT.V505.FILE374.PDS, moved to PDS/SMF221
2023-08-06 03:43:28.573428 - Found SMF223.jcl (text/plain) in CBT.V505.FILE374.PDS, moved to PDS/SMF223
2023-08-06 03:43:28.574255 - Found SMF23.jcl (text/plain) in CBT.V505.FILE374.PDS, moved to PDS/SMF23
2023-08-06 03:43:28.575063 - Found SMF230.jcl (text/plain) in CBT.V505.FILE374.PDS, moved to PDS/SMF230
2023-08-06 03:43:28.575892 - Found SMF239.jcl (text/plain) in CBT.V505.FILE374.PDS, moved to PDS/SMF239
2023-08-06 03:43:28.576698 - Found SMF239TC.jcl (text/plain) in CBT.V505.FILE374.PDS, moved to PDS/SMF239TC
2023-08-06 03:43:28.577647 - Found SMF240.jcl (text/plain) in CBT.V505.FILE374.PDS, moved to PDS/SMF240
2023-08-06 03:43:28.578519 - Found SMF241.jcl (text/plain) in CBT.V505.FILE374.PDS, moved to PDS/SMF241
2023-08-06 03:43:28.579326 - Found SMF25.jcl (text/plain) in CBT.V505.FILE374.PDS, moved to PDS/SMF25
2023-08-06 03:43:28.580150 - Found SMF250.jcl (text/plain) in CBT.V505.FILE374.PDS, moved to PDS/SMF250
2023-08-06 03:43:28.580980 - Found SMF251.jcl (text/plain) in CBT.V505.FILE374.PDS, moved to PDS/SMF251
2023-08-06 03:43:28.581920 - Found SMF26.jcl (text/plain) in CBT.V505.FILE374.PDS, moved to PDS/SMF26
2023-08-06 03:43:28.582803 - Found SMF26J2.jcl (text/plain) in CBT.V505.FILE374.PDS, moved to PDS/SMF26J2
2023-08-06 03:43:28.583634 - Found SMF30.jcl (text/plain) in CBT.V505.FILE374.PDS, moved to PDS/SMF30
2023-08-06 03:43:28.584554 - Found SMF30DL.jcl (text/plain) in CBT.V505.FILE374.PDS, moved to PDS/SMF30DL
2023-08-06 03:43:28.585462 - Found SMF30SP.jcl (text/plain) in CBT.V505.FILE374.PDS, moved to PDS/SMF30SP
2023-08-06 03:43:28.586471 - Found SMF32.jcl (text/plain) in CBT.V505.FILE374.PDS, moved to PDS/SMF32
2023-08-06 03:43:28.587401 - Found SMF34.jcl (text/plain) in CBT.V505.FILE374.PDS, moved to PDS/SMF34
2023-08-06 03:43:28.588313 - Found SMF35.jcl (text/plain) in CBT.V505.FILE374.PDS, moved to PDS/SMF35
2023-08-06 03:43:28.589172 - Found SMF37.jcl (text/plain) in CBT.V505.FILE374.PDS, moved to PDS/SMF37
2023-08-06 03:43:28.590133 - Found SMF4.jcl (text/plain) in CBT.V505.FILE374.PDS, moved to PDS/SMF4
2023-08-06 03:43:28.590999 - Found SMF40.jcl (text/plain) in CBT.V505.FILE374.PDS, moved to PDS/SMF40
2023-08-06 03:43:28.591908 - Found SMF43.jcl (text/plain) in CBT.V505.FILE374.PDS, moved to PDS/SMF43
2023-08-06 03:43:28.592837 - Found SMF45.jcl (text/plain) in CBT.V505.FILE374.PDS, moved to PDS/SMF45
2023-08-06 03:43:28.593805 - Found SMF47.jcl (text/plain) in CBT.V505.FILE374.PDS, moved to PDS/SMF47
2023-08-06 03:43:28.594736 - Found SMF48.jcl (text/plain) in CBT.V505.FILE374.PDS, moved to PDS/SMF48
2023-08-06 03:43:28.595660 - Found SMF5.jcl (text/plain) in CBT.V505.FILE374.PDS, moved to PDS/SMF5
2023-08-06 03:43:28.596594 - Found SMF50.jcl (text/plain) in CBT.V505.FILE374.PDS, moved to PDS/SMF50
2023-08-06 03:43:28.597533 - Found SMF52.jcl (text/plain) in CBT.V505.FILE374.PDS, moved to PDS/SMF52
2023-08-06 03:43:28.598487 - Found SMF53.jcl (text/plain) in CBT.V505.FILE374.PDS, moved to PDS/SMF53
2023-08-06 03:43:28.599492 - Found SMF55.jcl (text/plain) in CBT.V505.FILE374.PDS, moved to PDS/SMF55
2023-08-06 03:43:28.600489 - Found SMF57.jcl (text/plain) in CBT.V505.FILE374.PDS, moved to PDS/SMF57
2023-08-06 03:43:28.601464 - Found SMF58.jcl (text/plain) in CBT.V505.FILE374.PDS, moved to PDS/SMF58
2023-08-06 03:43:28.602456 - Found SMF6.jcl (text/plain) in CBT.V505.FILE374.PDS, moved to PDS/SMF6
2023-08-06 03:43:28.603327 - Found SMF60.jcl (text/plain) in CBT.V505.FILE374.PDS, moved to PDS/SMF60
2023-08-06 03:43:28.604154 - Found SMF61.jcl (text/plain) in CBT.V505.FILE374.PDS, moved to PDS/SMF61
2023-08-06 03:43:28.604989 - Found SMF62.jcl (text/plain) in CBT.V505.FILE374.PDS, moved to PDS/SMF62
2023-08-06 03:43:28.605954 - Found SMF63.jcl (text/plain) in CBT.V505.FILE374.PDS, moved to PDS/SMF63
2023-08-06 03:43:28.606889 - Found SMF64.jcl (text/plain) in CBT.V505.FILE374.PDS, moved to PDS/SMF64
2023-08-06 03:43:28.607831 - Found SMF65.jcl (text/plain) in CBT.V505.FILE374.PDS, moved to PDS/SMF65
2023-08-06 03:43:28.608735 - Found SMF66.jcl (text/plain) in CBT.V505.FILE374.PDS, moved to PDS/SMF66
2023-08-06 03:43:28.609718 - Found SMF70.jcl (text/plain) in CBT.V505.FILE374.PDS, moved to PDS/SMF70
2023-08-06 03:43:28.610657 - Found SMF70A.jcl (text/plain) in CBT.V505.FILE374.PDS, moved to PDS/SMF70A
2023-08-06 03:43:28.611572 - Found SMF70B.jcl (text/plain) in CBT.V505.FILE374.PDS, moved to PDS/SMF70B
2023-08-06 03:43:28.612512 - Found SMF71ESA.jcl (text/plain) in CBT.V505.FILE374.PDS, moved to PDS/SMF71ESA
2023-08-06 03:43:28.613509 - Found SMF71XA.jcl (text/plain) in CBT.V505.FILE374.PDS, moved to PDS/SMF71XA
2023-08-06 03:43:28.614385 - Found SMF72BAT.jcl (text/plain) in CBT.V505.FILE374.PDS, moved to PDS/SMF72BAT
2023-08-06 03:43:28.615297 - Found SMF72ESA.jcl (text/plain) in CBT.V505.FILE374.PDS, moved to PDS/SMF72ESA
2023-08-06 03:43:28.616227 - Found SMF72SP.jcl (text/plain) in CBT.V505.FILE374.PDS, moved to PDS/SMF72SP
2023-08-06 03:43:28.617180 - Found SMF72SPR.jcl (text/plain) in CBT.V505.FILE374.PDS, moved to PDS/SMF72SPR
2023-08-06 03:43:28.618170 - Found SMF72TSO.jcl (text/plain) in CBT.V505.FILE374.PDS, moved to PDS/SMF72TSO
2023-08-06 03:43:28.619113 - Found SMF72TS1.jcl (text/plain) in CBT.V505.FILE374.PDS, moved to PDS/SMF72TS1
2023-08-06 03:43:28.619985 - Found SMF72XA.jcl (text/plain) in CBT.V505.FILE374.PDS, moved to PDS/SMF72XA
2023-08-06 03:43:28.620828 - Found SMF72X7.jcl (text/plain) in CBT.V505.FILE374.PDS, moved to PDS/SMF72X7
2023-08-06 03:43:28.621728 - Found SMF73ESA.jcl (text/plain) in CBT.V505.FILE374.PDS, moved to PDS/SMF73ESA
2023-08-06 03:43:28.622679 - Found SMF73XA.jcl (text/plain) in CBT.V505.FILE374.PDS, moved to PDS/SMF73XA
2023-08-06 03:43:28.623512 - Found SMF74COM.jcl (text/plain) in CBT.V505.FILE374.PDS, moved to PDS/SMF74COM
2023-08-06 03:43:28.624350 - Found SMF74DSK.jcl (text/plain) in CBT.V505.FILE374.PDS, moved to PDS/SMF74DSK
2023-08-06 03:43:28.625295 - Found SMF74ESA.jcl (text/plain) in CBT.V505.FILE374.PDS, moved to PDS/SMF74ESA
2023-08-06 03:43:28.626261 - Found SMF74MX.jcl (text/plain) in CBT.V505.FILE374.PDS, moved to PDS/SMF74MX
2023-08-06 03:43:28.627203 - Found SMF74XA.jcl (text/plain) in CBT.V505.FILE374.PDS, moved to PDS/SMF74XA
2023-08-06 03:43:28.628137 - Found SMF75ESA.jcl (text/plain) in CBT.V505.FILE374.PDS, moved to PDS/SMF75ESA
2023-08-06 03:43:28.629100 - Found SMF75XA.jcl (text/plain) in CBT.V505.FILE374.PDS, moved to PDS/SMF75XA
2023-08-06 03:43:28.630051 - Found SMF76ESA.jcl (text/plain) in CBT.V505.FILE374.PDS, moved to PDS/SMF76ESA
2023-08-06 03:43:28.630961 - Found SMF76XA.jcl (text/plain) in CBT.V505.FILE374.PDS, moved to PDS/SMF76XA
2023-08-06 03:43:28.631877 - Found SMF77ESA.jcl (text/plain) in CBT.V505.FILE374.PDS, moved to PDS/SMF77ESA
2023-08-06 03:43:28.632788 - Found SMF77XA.jcl (text/plain) in CBT.V505.FILE374.PDS, moved to PDS/SMF77XA
2023-08-06 03:43:28.633782 - Found SMF78ESA.jcl (text/plain) in CBT.V505.FILE374.PDS, moved to PDS/SMF78ESA
2023-08-06 03:43:28.634749 - Found SMF78XA.jcl (text/plain) in CBT.V505.FILE374.PDS, moved to PDS/SMF78XA
2023-08-06 03:43:28.635734 - Found SMF79.jcl (text/plain) in CBT.V505.FILE374.PDS, moved to PDS/SMF79
2023-08-06 03:43:28.636688 - Found SMF8.jcl (text/plain) in CBT.V505.FILE374.PDS, moved to PDS/SMF8
2023-08-06 03:43:28.637626 - Found SMF80.jcl (text/plain) in CBT.V505.FILE374.PDS, moved to PDS/SMF80
2023-08-06 03:43:28.638554 - Found SMF80DS.jcl (text/plain) in CBT.V505.FILE374.PDS, moved to PDS/SMF80DS
2023-08-06 03:43:28.639472 - Found SMF81.jcl (text/plain) in CBT.V505.FILE374.PDS, moved to PDS/SMF81
2023-08-06 03:43:28.640388 - Found SMF84.jcl (text/plain) in CBT.V505.FILE374.PDS, moved to PDS/SMF84
2023-08-06 03:43:28.641330 - Found SMF9.jcl (text/plain) in CBT.V505.FILE374.PDS, moved to PDS/SMF9
2023-08-06 03:43:28.642226 - Found SMF90.jcl (text/plain) in CBT.V505.FILE374.PDS, moved to PDS/SMF90
2023-08-06 03:43:28.643174 - Found SPMS.jcl (text/plain) in CBT.V505.FILE374.PDS, moved to PDS/SPMS
2023-08-06 03:43:28.644180 - Found TAPECPY.jcl (text/plain) in CBT.V505.FILE374.PDS, moved to PDS/TAPECPY
2023-08-06 03:43:28.645145 - Found TAPELBL.jcl (text/plain) in CBT.V505.FILE374.PDS, moved to PDS/TAPELBL
